sh: bin/mqnamsrv: No such file or directory
sh: bin/namesrv: No such file or directory
Java HotSpot(TM) 64-Bit Server VM warning: Using the DefNew young collector with the CMS collector is deprecated and will likely be removed in a future release
Java HotSpot(TM) 64-Bit Server VM warning: UseCMSCompactAtFullCollection is deprecated and will likely be removed in a future release.
Java HotSpot(TM) 64-Bit Server VM warning: Cannot open file /dev/shm/rmq_srv_gc.log due to No such file or directory

The Name Server boot success. serializeType=JSON
Java HotSpot(TM) 64-Bit Server VM warning: Cannot open file /dev/shm/mq_gc_pid59849.log due to No such file or directory

The broker[bogon, 192.168.1.101:10911] boot success. serializeType=JSON and name server is localhost:9876
Java HotSpot(TM) 64-Bit Server VM warning: Using the DefNew young collector with the CMS collector is deprecated and will likely be removed in a future release
Java HotSpot(TM) 64-Bit Server VM warning: UseCMSCompactAtFullCollection is deprecated and will likely be removed in a future release.
Java HotSpot(TM) 64-Bit Server VM warning: Cannot open file /dev/shm/rmq_srv_gc.log due to No such file or directory

The Name Server boot success. serializeType=JSON
Java HotSpot(TM) 64-Bit Server VM warning: Cannot open file /dev/shm/mq_gc_pid20122.log due to No such file or directory

The broker[bogon, 192.168.1.103:10911] boot success. serializeType=JSON and name server is localhost:9876
Java HotSpot(TM) 64-Bit Server VM warning: Using the DefNew young collector with the CMS collector is deprecated and will likely be removed in a future release
Java HotSpot(TM) 64-Bit Server VM warning: UseCMSCompactAtFullCollection is deprecated and will likely be removed in a future release.
Java HotSpot(TM) 64-Bit Server VM warning: Cannot open file /dev/shm/rmq_srv_gc.log due to No such file or directory

The Name Server boot success. serializeType=JSON
Java HotSpot(TM) 64-Bit Server VM warning: Cannot open file /dev/shm/mq_gc_pid15944.log due to No such file or directory

The broker[Rex-MacbookPro.local, 172.20.10.3:10911] boot success. serializeType=JSON and name server is localhost:9876
/Users/rexmao/Documents/RexStudio/NCIAE-OJ/ThirdSoftware/rocketmq-all-4.5.1-bin-release/bin/runserver.sh: line 49: 15910 Killed: 9               $JAVA ${JAVA_OPT} $@
/Users/rexmao/Documents/RexStudio/NCIAE-OJ/ThirdSoftware/rocketmq-all-4.5.1-bin-release/bin/runbroker.sh: line 62: 15944 Killed: 9               $JAVA ${JAVA_OPT} $@
Java HotSpot(TM) 64-Bit Server VM warning: Using the DefNew young collector with the CMS collector is deprecated and will likely be removed in a future release
Java HotSpot(TM) 64-Bit Server VM warning: UseCMSCompactAtFullCollection is deprecated and will likely be removed in a future release.
Java HotSpot(TM) 64-Bit Server VM warning: Cannot open file /dev/shm/rmq_srv_gc.log due to No such file or directory

The Name Server boot success. serializeType=JSON
Java HotSpot(TM) 64-Bit Server VM warning: Cannot open file /dev/shm/mq_gc_pid44192.log due to No such file or directory

The broker[Rex-MacbookPro.local, 192.168.0.104:10911] boot success. serializeType=JSON and name server is localhost:9876
